{
  "numFailedTestSuites": 0,
  "numFailedTests": 0,
  "numPassedTestSuites": 1,
  "numPassedTests": 2,
  "numPendingTestSuites": 0,
  "numPendingTests": 0,
  "numRuntimeErrorTestSuites": 0,
  "numTodoTests": 0,
  "numTotalTestSuites": 1,
  "numTotalTests": 2,
  "openHandles": [],
  "snapshot": {
    "added": 0,
    "didUpdate": false,
    "failure": false,
    "filesAdded": 0,
    "filesRemoved": 0,
    "filesRemovedList": [],
    "filesUnmatched": 0,
    "filesUpdated": 0,
    "matched": 0,
    "total": 0,
    "unchecked": 0,
    "uncheckedKeysByFile": [],
    "unmatched": 0,
    "updated": 0
  },
  "startTime": 1719076996959,
  "success": false,
  "testResults": [
    {
      "leaks": false,
      "numFailingTests": 0,
      "numPassingTests": 2,
      "numPendingTests": 0,
      "numTodoTests": 0,
      "openHandles": [],
      "perfStats": {
        "end": 1719077002039,
        "runtime": 4953,
        "slow": false,
        "start": 1719076997086
      },
      "skipped": false,
      "snapshot": {
        "added": 0,
        "fileDeleted": false,
        "matched": 0,
        "unchecked": 0,
        "uncheckedKeys": [],
        "unmatched": 0,
        "updated": 0
      },
      "testFilePath": "F:\\PGATS\\PGATS - API REST 2\\test\\testfaker-users.test.js",
      "testResults": [
        {
          "ancestorTitles": [
            "Suite de testes do CRUD"
          ],
          "duration": 661,
          "failureDetails": [],
          "failureMessages": [],
          "fullName": "Suite de testes do CRUD Cadastrando um novo usuário, consultando e retornando os campos, se foram enviados ",
          "invocations": 1,
          "location": null,
          "numPassingAsserts": 7,
          "retryReasons": [],
          "status": "passed",
          "title": "Cadastrando um novo usuário, consultando e retornando os campos, se foram enviados "
        },
        {
          "ancestorTitles": [
            "Suite de testes do CRUD com dados ausentes"
          ],
          "duration": 9,
          "failureDetails": [],
          "failureMessages": [],
          "fullName": "Suite de testes do CRUD com dados ausentes Cadastrando um novo usuário, e verificando a ausencia de dados  ",
          "invocations": 1,
          "location": null,
          "numPassingAsserts": 2,
          "retryReasons": [],
          "status": "passed",
          "title": "Cadastrando um novo usuário, e verificando a ausencia de dados  "
        }
      ],
      "failureMessage": null
    }
  ],
  "wasInterrupted": false
}